#
# A fatal error has been detected by the Java Runtime Environment:
#
#  EXCEPTION_ACCESS_VIOLATION (0xc0000005) at pc=0x6e35ed7b, pid=22628, tid=2360
#
# JRE version: Java(TM) SE Runtime Environment (7.0_79-b15) (build 1.7.0_79-b15)
# Java VM: Java HotSpot(TM) Client VM (24.79-b02 mixed mode windows-x86 )
# Problematic frame:
# V  [jvm.dll+0xded7b]
#
# Failed to write core dump. Minidumps are not enabled by default on client versions of Windows
#
# If you would like to submit a bug report, please visit:
#   http://bugreport.java.com/bugreport/crash.jsp
#

---------------  T H R E A D  ---------------

Current thread (0x18658400):  JavaThread "JDWP Transport Listener: dt_socket" daemon [_thread_in_vm, id=2360, stack(0x192e0000,0x19330000)]

siginfo: ExceptionCode=0xc0000005, reading address 0x003b6574

Registers:
EAX=0x003b6574, EBX=0x00000000, ECX=0x003b6574, EDX=0x00000000
ESP=0x1932f694, EBP=0x1932f698, ESI=0x020e7e28, EDI=0x1932f778
EIP=0x6e35ed7b, EFLAGS=0x00010206

Top of Stack: (sp=0x1932f694)
0x1932f694:   020e7e28 1932f6c0 6e49242a 003b6574
0x1932f6a4:   1932f6fb 18658400 00000000 00000000
0x1932f6b4:   00000000 18658400 18658400 1932f6fc
0x1932f6c4:   59489d8d 020e7e28 003b6574 1932f6fb
0x1932f6d4:   003b6574 5947436d 003b6574 1932f6fb
0x1932f6e4:   00000005 00000000 00000000 0000000a
0x1932f6f4:   00000000 00621e10 1932f71c 594744e0
0x1932f704:   00000001 1932f738 1932f774 186b71f8 

Instructions: (pc=0x6e35ed7b)
0x6e35ed5b:   89 4f 04 8b 56 0c 89 57 08 8b 46 10 89 47 0c 5f
0x6e35ed6b:   5e 5d c2 0c 00 55 8b ec 8b 45 08 56 85 c0 74 28
0x6e35ed7b:   8b 30 85 f6 74 22 81 fe fe fe fe fe 74 1a 8b 4e
0x6e35ed8b:   04 8b 41 08 8b 90 94 00 00 00 83 c1 08 ff d2 84 


Register to memory mapping:

EAX=0x003b6574 is an unknown value
EBX=0x00000000 is an unknown value
ECX=0x003b6574 is an unknown value
EDX=0x00000000 is an unknown value
ESP=0x1932f694 is pointing into the stack for thread: 0x18658400
EBP=0x1932f698 is pointing into the stack for thread: 0x18658400
ESI=0x020e7e28 is an unknown value
EDI=0x1932f778 is pointing into the stack for thread: 0x18658400


Stack: [0x192e0000,0x19330000],  sp=0x1932f694,  free space=317k
Native frames: (J=compiled Java code, j=interpreted, Vv=VM code, C=native code)
V  [jvm.dll+0xded7b]
V  [jvm.dll+0x21242a]
C  [jdwp.dll+0x19d8d]
C  [jdwp.dll+0x44e0]
C  [jdwp.dll+0x451e]


---------------  P R O C E S S  ---------------

Java Threads: ( => current thread )
  0x18671800 JavaThread "Service Thread" daemon [_thread_blocked, id=11752, stack(0x197b0000,0x19800000)]
  0x1866e800 JavaThread "C1 CompilerThread0" daemon [_thread_blocked, id=20996, stack(0x19660000,0x196b0000)]
  0x1865ec00 JavaThread "JDWP Command Reader" daemon [_thread_in_native, id=18192, stack(0x19540000,0x19590000)]
  0x1865dc00 JavaThread "JDWP Event Helper Thread" daemon [_thread_blocked, id=10456, stack(0x19430000,0x19480000)]
=>0x18658400 JavaThread "JDWP Transport Listener: dt_socket" daemon [_thread_in_vm, id=2360, stack(0x192e0000,0x19330000)]
  0x1864d000 JavaThread "Attach Listener" daemon [_thread_blocked, id=11964, stack(0x18d20000,0x18d70000)]
  0x18649c00 JavaThread "Signal Dispatcher" daemon [_thread_blocked, id=21740, stack(0x18ab0000,0x18b00000)]
  0x1861c400 JavaThread "Finalizer" daemon [_thread_blocked, id=9188, stack(0x189c0000,0x18a10000)]
  0x18617000 JavaThread "Reference Handler" daemon [_thread_blocked, id=14256, stack(0x18960000,0x189b0000)]
  0x020ec400 JavaThread "main" [_thread_blocked, id=19212, stack(0x02020000,0x02070000)]

Other Threads:
  0x18610c00 VMThread [stack: 0x188b0000,0x18900000] [id=17944]
  0x1867bc00 WatcherThread [stack: 0x19860000,0x198b0000] [id=19536]

VM state:not at safepoint (normal execution)

VM Mutex/Monitor currently owned by a thread: None

Heap
 def new generation   total 4928K, used 546K [0x04600000, 0x04b50000, 0x09b50000)
  eden space 4416K,  12% used [0x04600000, 0x04688970, 0x04a50000)
  from space 512K,   0% used [0x04a50000, 0x04a50000, 0x04ad0000)
  to   space 512K,   0% used [0x04ad0000, 0x04ad0000, 0x04b50000)
 tenured generation   total 10944K, used 0K [0x09b50000, 0x0a600000, 0x14600000)
   the space 10944K,   0% used [0x09b50000, 0x09b50000, 0x09b50200, 0x0a600000)
 compacting perm gen  total 12288K, used 1638K [0x14600000, 0x15200000, 0x18600000)
   the space 12288K,  13% used [0x14600000, 0x14799a08, 0x14799c00, 0x15200000)
No shared spaces configured.

Card table byte_map: [0x044f0000,0x045a0000] byte_map_base: 0x044cd000

Polling page: 0x00430000

Code Cache  [0x024f0000, 0x02588000, 0x044f0000)
 total_blobs=129 nmethods=9 adapters=66 free_code_cache=32185Kb largest_free_block=32957632

Compilation events (10 events):
Event: 0.288 Thread 0x1866e800    5             java.lang.String::indexOf (166 bytes)
Event: 0.289 Thread 0x1866e800 nmethod 5 0x02580888 code [0x025809a0, 0x02580bd0]
Event: 0.290 Thread 0x1866e800    6             java.lang.String::equals (81 bytes)
Event: 0.290 Thread 0x1866e800 nmethod 6 0x02580f08 code [0x02581020, 0x025811c0]
Event: 0.298 Thread 0x1866e800    7             java.lang.Object::<init> (1 bytes)
Event: 0.299 Thread 0x1866e800 nmethod 7 0x02581408 code [0x02581500, 0x02581590]
Event: 0.299 Thread 0x1866e800    8             java.lang.AbstractStringBuilder::ensureCapacityInternal (16 bytes)
Event: 0.299 Thread 0x1866e800 nmethod 8 0x02581608 code [0x02581710, 0x025817cc]
Event: 0.300 Thread 0x1866e800    9             java.lang.AbstractStringBuilder::append (29 bytes)
Event: 0.300 Thread 0x1866e800 nmethod 9 0x02581848 code [0x02581950, 0x02581a4c]

GC Heap History (0 events):
No events

Deoptimization events (0 events):
No events

Internal exceptions (2 events):
Event: 0.051 Thread 0x020ec400 Threw 0x04609700 at C:\re\jdk7u79\2331\hotspot\src\share\vm\prims\jni.cpp:3991
Event: 0.288 Thread 0x020ec400 Threw 0x0467a148 at C:\re\jdk7u79\2331\hotspot\src\share\vm\prims\jvm.cpp:1304

Events (10 events):
Event: 251.180 Executing VM operation: EnterInterpOnlyMode
Event: 251.180 Executing VM operation: EnterInterpOnlyMode done
Event: 251.180 Executing VM operation: GetCurrentLocation
Event: 251.180 Executing VM operation: GetCurrentLocation done
Event: 251.180 Executing VM operation: ChangeSingleStep
Event: 251.180 Executing VM operation: ChangeSingleStep done
Event: 251.181 Executing VM operation: ChangeSingleStep
Event: 251.181 Executing VM operation: ChangeSingleStep done
Event: 271.192 Executing VM operation: RedefineClasses
Event: 271.192 Executing VM operation: RedefineClasses done


Dynamic libraries:
0x003d0000 - 0x003ff000 	C:\Program Files (x86)\Java\jdk1.7.0_79\bin\javaw.exe
0x77530000 - 0x776b0000 	C:\windows\SysWOW64\ntdll.dll
0x76a60000 - 0x76b70000 	C:\windows\syswow64\kernel32.dll
0x75760000 - 0x757a7000 	C:\windows\syswow64\KERNELBASE.dll
0x74ba0000 - 0x74c0e000 	C:\windows\SysWOW64\SYSFER.DLL
0x74ea0000 - 0x74f41000 	C:\windows\syswow64\ADVAPI32.dll
0x76860000 - 0x7690c000 	C:\windows\syswow64\msvcrt.dll
0x74fa0000 - 0x74fb9000 	C:\windows\SysWOW64\sechost.dll
0x76970000 - 0x76a60000 	C:\windows\syswow64\RPCRT4.dll
0x74e40000 - 0x74ea0000 	C:\windows\syswow64\SspiCli.dll
0x74e30000 - 0x74e3c000 	C:\windows\syswow64\CRYPTBASE.dll
0x75600000 - 0x75700000 	C:\windows\syswow64\USER32.dll
0x76dd0000 - 0x76e60000 	C:\windows\syswow64\GDI32.dll
0x755f0000 - 0x755fa000 	C:\windows\syswow64\LPK.dll
0x754e0000 - 0x7557d000 	C:\windows\syswow64\USP10.dll
0x729f0000 - 0x72b8e000 	C:\windows\WinSxS\x86_microsoft.windows.common-controls_6595b64144ccf1df_6.0.7601.18837_none_41e855142bd5705d\COMCTL32.dll
0x757c0000 - 0x75817000 	C:\windows\syswow64\SHLWAPI.dll
0x75590000 - 0x755f0000 	C:\windows\system32\IMM32.DLL
0x75050000 - 0x7511c000 	C:\windows\syswow64\MSCTF.dll
0x68000000 - 0x68038000 	C:\windows\system32\QIPCAP.DLL
0x78070000 - 0x7812f000 	C:\Program Files (x86)\Java\jdk1.7.0_79\jre\bin\msvcr100.dll
0x6e280000 - 0x6e609000 	C:\Program Files (x86)\Java\jdk1.7.0_79\jre\bin\client\jvm.dll
0x730b0000 - 0x730b7000 	C:\windows\system32\WSOCK32.dll
0x75700000 - 0x75735000 	C:\windows\syswow64\WS2_32.dll
0x754d0000 - 0x754d6000 	C:\windows\syswow64\NSI.dll
0x73bf0000 - 0x73c22000 	C:\windows\system32\WINMM.dll
0x76dc0000 - 0x76dc5000 	C:\windows\syswow64\PSAPI.DLL
0x6ed20000 - 0x6ed2c000 	C:\Program Files (x86)\Java\jdk1.7.0_79\jre\bin\verify.dll
0x6a910000 - 0x6a930000 	C:\Program Files (x86)\Java\jdk1.7.0_79\jre\bin\java.dll
0x59470000 - 0x5949a000 	C:\Program Files (x86)\Java\jdk1.7.0_79\jre\bin\jdwp.dll
0x6ec60000 - 0x6ec67000 	C:\Program Files (x86)\Java\jdk1.7.0_79\jre\bin\npt.dll
0x59450000 - 0x59463000 	C:\Program Files (x86)\Java\jdk1.7.0_79\jre\bin\zip.dll
0x69090000 - 0x690e2000 	C:\Program Files\Manufacturer\Endpoint Agent\prntm.dll
0x74a20000 - 0x74a28000 	C:\windows\system32\Secur32.dll
0x690f0000 - 0x69141000 	C:\windows\system32\WINSPOOL.DRV
0x68f60000 - 0x68fc9000 	C:\windows\system32\MSVCP100.dll
0x75a70000 - 0x75bcd000 	C:\windows\syswow64\ole32.dll
0x6ea60000 - 0x6ea68000 	C:\Program Files (x86)\Java\jdk1.7.0_79\jre\bin\dt_socket.dll
0x730a0000 - 0x730b0000 	C:\windows\system32\NLAapi.dll
0x73090000 - 0x730a0000 	C:\windows\system32\napinsp.dll
0x73070000 - 0x73082000 	C:\windows\system32\pnrpnsp.dll
0x741e0000 - 0x7421c000 	C:\windows\System32\mswsock.dll
0x74220000 - 0x74264000 	C:\windows\system32\DNSAPI.dll
0x73060000 - 0x73068000 	C:\windows\System32\winrnr.dll
0x73050000 - 0x7305d000 	C:\windows\system32\wshbth.dll
0x74280000 - 0x7429c000 	C:\windows\system32\IPHLPAPI.DLL
0x74270000 - 0x74277000 	C:\windows\system32\WINNSI.DLL
0x73f30000 - 0x73f68000 	C:\windows\System32\fwpuclnt.dll
0x728d0000 - 0x728d6000 	C:\windows\system32\rasadhlp.dll
0x74180000 - 0x74185000 	C:\windows\System32\wshtcpip.dll
0x742b0000 - 0x7439b000 	C:\windows\system32\dbghelp.dll

VM Arguments:
jvm_args: -agentlib:jdwp=transport=dt_socket,suspend=y,address=localhost:50320 -Dfile.encoding=UTF-8 
java_command: com.manish.javadev.geeks.array.AddElementsofTwoGivenArrays
Launcher Type: SUN_STANDARD

Environment Variables:
JAVA_HOME=C:\Program Files (x86)\Java\jdk1.7.0_79
PATH=C:\Program Files (x86)\Java\jdk1.7.0_79\jre\bin;C:/Program Files (x86)/Java/jre1.8.0_77/bin/client;C:/Program Files (x86)/Java/jre1.8.0_77/bin;C:/Program Files (x86)/Java/jre1.8.0_77/lib/i386;C:\oraclexe\app\oracle\product\11.2.0\server\bin;;C:\ProgramData\Oracle\Java\javapath;C:\windows\system32;C:\windows;C:\windows\System32\Wbem;C:\windows\System32\WindowsPowerShell\v1.0\;C:\Program Files (x86)\Java\jdk1.7.0_79\bin;C:\JAVA_WORK\Tool\apache-maven-3.3.9\bin;C:\Program Files (x86)\MySQL\MySQL Server 5.5\bin;C:\JAVA_WORK\Tool\eclipse-jee-kepler-SR2-win32 (1)\eclipse;
USERNAME=m.d.srivastava
OS=Windows_NT
PROCESSOR_IDENTIFIER=Intel64 Family 6 Model 61 Stepping 4, GenuineIntel



---------------  S Y S T E M  ---------------

OS: Windows 7 , 64 bit Build 7601 Service Pack 1

CPU:total 4 (2 cores per cpu, 2 threads per core) family 6 model 61 stepping 4, cmov, cx8, fxsr, mmx, sse, sse2, sse3, ssse3, sse4.1, sse4.2, popcnt, avx, avx2, aes, erms, ht, tsc, tscinvbit

Memory: 4k page, physical 16649324k(9870280k free), swap 33296788k(24940676k free)

vm_info: Java HotSpot(TM) Client VM (24.79-b02) for windows-x86 JRE (1.7.0_79-b15), built on Apr 10 2015 16:49:13 by "java_re" with unknown MS VC++:1600

time: Wed Aug 17 23:52:33 2016
elapsed time: 271 seconds

